#-----------------------------------------------------------
# Vivado v2019.1 (64-bit)
# SW Build 2552052 on Fri May 24 14:49:42 MDT 2019
# IP Build 2548770 on Fri May 24 18:01:18 MDT 2019
# Start of session at: Sat Nov 16 22:20:09 2019
# Process ID: 800
# Current directory: C:/Users/uldrensov/Desktop/COMPE470L_PROJ
# Command line: vivado.exe -gui_launcher_event rodinguilauncherevent13980 C:\Users\uldrensov\Desktop\COMPE470L_PROJ\COMPE470L_PROJ.xpr
# Log file: C:/Users/uldrensov/Desktop/COMPE470L_PROJ/vivado.log
# Journal file: C:/Users/uldrensov/Desktop/COMPE470L_PROJ\vivado.jou
#-----------------------------------------------------------
start_gui
opopen_project C:/Users/uldrensov/Desktop/COMPE470L_PROJ/COMPE470L_PROJ.xpScScanning sources...
Finished scanning sourceININFO: [IP_Flow 19-234] Refreshing IP repositories
INFO: [IP_Flow 19-1704] No user IP repositories specifieINFO: [IP_Flow 19-2313] Loaded Vivado IP repository 'C:/Xilinx/Vivado/2019.1/data/ip'.
opopen_project: Time (s): cpu = 00:00:24 ; elapsed = 00:00:11 . Memory (MB): peak = 727.371 ; gain = 94.727update_compile_order -fileset sources_1
reset_run synth_1
update_module_reference design_1_MAIN_LOGIC_0_1
INFO: [IP_Flow 19-5107] Inferred bus interface 'CLK' of definition 'xilinx.com:signal:clock:1.0' (from Xilinx Repository).
INFO: [IP_Flow 19-5107] Inferred bus interface 'DB_CLK' of definition 'xilinx.com:signal:clock:1.0' (from Xilinx Repository).
WARNING: [IP_Flow 19-3153] Bus Interface 'CLK': ASSOCIATED_BUSIF bus parameter is missing.
WARNING: [IP_Flow 19-3153] Bus Interface 'DB_CLK': ASSOCIATED_BUSIF bus parameter is missing.
CRITICAL WARNING: [IP_Flow 19-4751] Bus Interface 'DB_CLK': FREQ_HZ bus parameter is missing for output clock interface.
INFO: [IP_Flow 19-234] Refreshing IP repositories
INFO: [IP_Flow 19-1704] No user IP repositories specified
Adding component instance block -- xilinx.com:ip:processing_system7:5.5 - processing_system7_0
Adding component instance block -- xilinx.com:module_ref:VAL:1.0 - VAL_0
Adding component instance block -- xilinx.com:module_ref:BTNS:1.0 - BTNS_0
Adding component instance block -- xilinx.com:module_ref:MAIN_LOGIC:1.0 - MAIN_LOGIC_0
Successfully read diagram <design_1> from BD file <C:/Users/uldrensov/Desktop/COMPE470L_PROJ/COMPE470L_PROJ.srcs/sources_1/bd/design_1/design_1.bd>
Upgrading 'C:/Users/uldrensov/Desktop/COMPE470L_PROJ/COMPE470L_PROJ.srcs/sources_1/bd/design_1/design_1.bd'
INFO: [IP_Flow 19-3420] Updated design_1_MAIN_LOGIC_0_1 to use current project options
Wrote  : <C:\Users\uldrensov\Desktop\COMPE470L_PROJ\COMPE470L_PROJ.srcs\sources_1\bd\design_1\design_1.bd> 
Wrote  : <C:/Users/uldrensov/Desktop/COMPE470L_PROJ/COMPE470L_PROJ.srcs/sources_1/bd/design_1/ui/bd_1f5defd0.ui> 
upgrade_ip: Time (s): cpu = 00:00:10 ; elapsed = 00:00:09 . Memory (MB): peak = 949.781 ; gain = 106.250
update_module_reference: Time (s): cpu = 00:00:10 ; elapsed = 00:00:09 . Memory (MB): peak = 949.781 ; gain = 106.250
launch_runs synth_1 -jobs 4
WARNING: [BD 41-927] Following properties on pin /BTNS_0/DB_CLK have been updated from connected ip. They may not be synchronized with cell properties. You can set property on pin directly to confirm the value and resolve the warning.
	CLK_DOMAIN=design_1_MAIN_LOGIC_0_1_DB_CLK 
WARNING: [BD 41-927] Following properties on pin /MAIN_LOGIC_0/CLK have been updated from connected ip. They may not be synchronized with cell properties. You can set property on pin directly to confirm the value and resolve the warning.
	CLK_DOMAIN=design_1_processing_system7_0_0_FCLK_CLK0 
WARNING: [BD 41-927] Following properties on pin /MAIN_LOGIC_0/DB_CLK have been updated from connected ip. They may not be synchronized with cell properties. You can set property on pin directly to confirm the value and resolve the warning.
	CLK_DOMAIN=design_1_MAIN_LOGIC_0_1_DB_CLK 
Wrote  : <C:\Users\uldrensov\Desktop\COMPE470L_PROJ\COMPE470L_PROJ.srcs\sources_1\bd\design_1\design_1.bd> 
VHDL Output written to : C:/Users/uldrensov/Desktop/COMPE470L_PROJ/COMPE470L_PROJ.srcs/sources_1/bd/design_1/synth/design_1.v
VHDL Output written to : C:/Users/uldrensov/Desktop/COMPE470L_PROJ/COMPE470L_PROJ.srcs/sources_1/bd/design_1/sim/design_1.v
VHDL Output written to : C:/Users/uldrensov/Desktop/COMPE470L_PROJ/COMPE470L_PROJ.srcs/sources_1/bd/design_1/hdl/design_1_wrapper.v
INFO: [BD 41-1029] Generation completed for the IP Integrator block processing_system7_0 .
INFO: [BD 41-1029] Generation completed for the IP Integrator block VAL_0 .
INFO: [BD 41-1029] Generation completed for the IP Integrator block BTNS_0 .
INFO: [BD 41-1029] Generation completed for the IP Integrator block MAIN_LOGIC_0 .
Exporting to file C:/Users/uldrensov/Desktop/COMPE470L_PROJ/COMPE470L_PROJ.srcs/sources_1/bd/design_1/hw_handoff/design_1.hwh
Generated Block Design Tcl file C:/Users/uldrensov/Desktop/COMPE470L_PROJ/COMPE470L_PROJ.srcs/sources_1/bd/design_1/hw_handoff/design_1_bd.tcl
Generated Hardware Definition File C:/Users/uldrensov/Desktop/COMPE470L_PROJ/COMPE470L_PROJ.srcs/sources_1/bd/design_1/synth/design_1.hwdef
[Sat Nov 16 22:39:50 2019] Launched design_1_MAIN_LOGIC_0_1_synth_1...
Run output will be captured here: C:/Users/uldrensov/Desktop/COMPE470L_PROJ/COMPE470L_PROJ.runs/design_1_MAIN_LOGIC_0_1_synth_1/runme.log
[Sat Nov 16 22:39:50 2019] Launched synth_1...
Run output will be captured here: C:/Users/uldrensov/Desktop/COMPE470L_PROJ/COMPE470L_PROJ.runs/synth_1/runme.log
launch_runs: Time (s): cpu = 00:00:02 ; elapsed = 00:00:07 . Memory (MB): peak = 1080.367 ; gain = 130.586
launch_runs impl_1 -jobs 4
[Sat Nov 16 22:41:10 2019] Launched impl_1...
Run output will be captured here: C:/Users/uldrensov/Desktop/COMPE470L_PROJ/COMPE470L_PROJ.runs/impl_1/runme.log
launch_runs impl_1 -to_step write_bitstream -jobs 4
[Sat Nov 16 22:42:53 2019] Launched impl_1...
Run output will be captured here: C:/Users/uldrensov/Desktop/COMPE470L_PROJ/COMPE470L_PROJ.runs/impl_1/runme.log
open_hw
connect_hw_server
INFO: [Labtools 27-2285] Connecting to hw_server url TCP:localhost:3121
INFO: [Labtools 27-2222] Launching hw_server...
INFO: [Labtools 27-2221] Launch Output:

****** Xilinx hw_server v2019.1
  **** Build date : May 24 2019 at 15:13:31
    ** Copyright 1986-2019 Xilinx, Inc. All Rights Reserved.


open_hw_target
INFO: [Labtoolstcl 44-466] Opening hw_target localhost:3121/xilinx_tcf/Xilinx/1234-oj1A
open_hw_target: Time (s): cpu = 00:00:04 ; elapsed = 00:00:06 . Memory (MB): peak = 2201.395 ; gain = 1121.027
set_property PROGRAM.FILE {C:/Users/uldrensov/Desktop/COMPE470L_PROJ/COMPE470L_PROJ.runs/impl_1/design_1_wrapper.bit} [get_hw_devices xc7z007s_1]
current_hw_device [get_hw_devices xc7z007s_1]
refresh_hw_device -update_hw_probes false [lindex [get_hw_devices xc7z007s_1] 0]
INFO: [Labtools 27-2302] Device xc7z007s (JTAG device index = 1) is programmed with a design that has 2 ILA core(s).
set_property PROBES.FILE {} [get_hw_devices xc7z007s_1]
set_property FULL_PROBES.FILE {} [get_hw_devices xc7z007s_1]
set_property PROGRAM.FILE {C:/Users/uldrensov/Desktop/COMPE470L_PROJ/COMPE470L_PROJ.runs/impl_1/design_1_wrapper.bit} [get_hw_devices xc7z007s_1]
program_hw_devices [get_hw_devices xc7z007s_1]
INFO: [Labtools 27-3164] End of startup status: HIGH
refresh_hw_device [lindex [get_hw_devices xc7z007s_1] 0]
INFO: [Labtools 27-1434] Device xc7z007s (JTAG device index = 1) is programmed with a design that has no supported debug core(s) in it.
set_property PROBES.FILE {} [get_hw_devices xc7z007s_1]
set_property FULL_PROBES.FILE {} [get_hw_devices xc7z007s_1]
set_property PROGRAM.FILE {C:/Users/uldrensov/Desktop/COMPE470L_PROJ/COMPE470L_PROJ.runs/impl_1/design_1_wrapper.bit} [get_hw_devices xc7z007s_1]
program_hw_devices [get_hw_devices xc7z007s_1]
INFO: [Labtools 27-3164] End of startup status: HIGH
refresh_hw_device [lindex [get_hw_devices xc7z007s_1] 0]
INFO: [Labtools 27-1434] Device xc7z007s (JTAG device index = 1) is programmed with a design that has no supported debug core(s) in it.
set_property PROBES.FILE {} [get_hw_devices xc7z007s_1]
set_property FULL_PROBES.FILE {} [get_hw_devices xc7z007s_1]
set_property PROGRAM.FILE {C:/Users/uldrensov/Desktop/COMPE470L_PROJ/COMPE470L_PROJ.runs/impl_1/design_1_wrapper.bit} [get_hw_devices xc7z007s_1]
program_hw_devices [get_hw_devices xc7z007s_1]
INFO: [Labtools 27-3164] End of startup status: HIGH
refresh_hw_device [lindex [get_hw_devices xc7z007s_1] 0]
INFO: [Labtools 27-1434] Device xc7z007s (JTAG device index = 1) is programmed with a design that has no supported debug core(s) in it.
update_module_reference design_1_MAIN_LOGIC_0_1
INFO: [IP_Flow 19-5107] Inferred bus interface 'CLK' of definition 'xilinx.com:signal:clock:1.0' (from Xilinx Repository).
INFO: [IP_Flow 19-5107] Inferred bus interface 'DB_CLK' of definition 'xilinx.com:signal:clock:1.0' (from Xilinx Repository).
WARNING: [IP_Flow 19-3153] Bus Interface 'CLK': ASSOCIATED_BUSIF bus parameter is missing.
WARNING: [IP_Flow 19-3153] Bus Interface 'DB_CLK': ASSOCIATED_BUSIF bus parameter is missing.
CRITICAL WARNING: [IP_Flow 19-4751] Bus Interface 'DB_CLK': FREQ_HZ bus parameter is missing for output clock interface.
INFO: [IP_Flow 19-234] Refreshing IP repositories
INFO: [IP_Flow 19-1704] No user IP repositories specified
Upgrading 'C:/Users/uldrensov/Desktop/COMPE470L_PROJ/COMPE470L_PROJ.srcs/sources_1/bd/design_1/design_1.bd'
WARNING: [Vivado 12-1017] Problems encountered:
1. Failed to delete one or more files in run directory C:/Users/uldrensov/Desktop/COMPE470L_PROJ/COMPE470L_PROJ.runs/design_1_MAIN_LOGIC_0_1_synth_1

INFO: [IP_Flow 19-3420] Updated design_1_MAIN_LOGIC_0_1 to use current project options
Wrote  : <C:\Users\uldrensov\Desktop\COMPE470L_PROJ\COMPE470L_PROJ.srcs\sources_1\bd\design_1\design_1.bd> 
update_module_reference: Time (s): cpu = 00:00:03 ; elapsed = 00:00:14 . Memory (MB): peak = 2255.344 ; gain = 15.660
update_module_reference design_1_MAIN_LOGIC_0_1
INFO: [IP_Flow 19-5107] Inferred bus interface 'CLK' of definition 'xilinx.com:signal:clock:1.0' (from Xilinx Repository).
INFO: [IP_Flow 19-5107] Inferred bus interface 'DB_CLK' of definition 'xilinx.com:signal:clock:1.0' (from Xilinx Repository).
WARNING: [IP_Flow 19-3153] Bus Interface 'CLK': ASSOCIATED_BUSIF bus parameter is missing.
WARNING: [IP_Flow 19-3153] Bus Interface 'DB_CLK': ASSOCIATED_BUSIF bus parameter is missing.
CRITICAL WARNING: [IP_Flow 19-4751] Bus Interface 'DB_CLK': FREQ_HZ bus parameter is missing for output clock interface.
INFO: [IP_Flow 19-234] Refreshing IP repositories
INFO: [IP_Flow 19-1704] No user IP repositories specified
Upgrading 'C:/Users/uldrensov/Desktop/COMPE470L_PROJ/COMPE470L_PROJ.srcs/sources_1/bd/design_1/design_1.bd'
INFO: [IP_Flow 19-3420] Updated design_1_MAIN_LOGIC_0_1 to use current project options
Wrote  : <C:\Users\uldrensov\Desktop\COMPE470L_PROJ\COMPE470L_PROJ.srcs\sources_1\bd\design_1\design_1.bd> 
update_module_reference design_1_MAIN_LOGIC_0_1
INFO: [IP_Flow 19-5107] Inferred bus interface 'CLK' of definition 'xilinx.com:signal:clock:1.0' (from Xilinx Repository).
INFO: [IP_Flow 19-5107] Inferred bus interface 'DB_CLK' of definition 'xilinx.com:signal:clock:1.0' (from Xilinx Repository).
WARNING: [IP_Flow 19-3153] Bus Interface 'CLK': ASSOCIATED_BUSIF bus parameter is missing.
WARNING: [IP_Flow 19-3153] Bus Interface 'DB_CLK': ASSOCIATED_BUSIF bus parameter is missing.
CRITICAL WARNING: [IP_Flow 19-4751] Bus Interface 'DB_CLK': FREQ_HZ bus parameter is missing for output clock interface.
INFO: [IP_Flow 19-234] Refreshing IP repositories
INFO: [IP_Flow 19-1704] No user IP repositories specified
Upgrading 'C:/Users/uldrensov/Desktop/COMPE470L_PROJ/COMPE470L_PROJ.srcs/sources_1/bd/design_1/design_1.bd'
INFO: [IP_Flow 19-3420] Updated design_1_MAIN_LOGIC_0_1 to use current project options
Wrote  : <C:\Users\uldrensov\Desktop\COMPE470L_PROJ\COMPE470L_PROJ.srcs\sources_1\bd\design_1\design_1.bd> 
reset_run synth_1
WARNING: [Vivado 12-1017] Problems encountered:
1. Failed to delete one or more files in run directory C:/Users/uldrensov/Desktop/COMPE470L_PROJ/COMPE470L_PROJ.runs/synth_1

update_module_reference design_1_VAL_0_0
INFO: [IP_Flow 19-234] Refreshing IP repositories
INFO: [IP_Flow 19-1704] No user IP repositories specified
Upgrading 'C:/Users/uldrensov/Desktop/COMPE470L_PROJ/COMPE470L_PROJ.srcs/sources_1/bd/design_1/design_1.bd'
WARNING: [Vivado 12-1017] Problems encountered:
1. Failed to delete one or more files in run directory C:/Users/uldrensov/Desktop/COMPE470L_PROJ/COMPE470L_PROJ.runs/design_1_VAL_0_0_synth_1

INFO: [IP_Flow 19-3420] Updated design_1_VAL_0_0 to use current project options
Wrote  : <C:\Users\uldrensov\Desktop\COMPE470L_PROJ\COMPE470L_PROJ.srcs\sources_1\bd\design_1\design_1.bd> 
Wrote  : <C:/Users/uldrensov/Desktop/COMPE470L_PROJ/COMPE470L_PROJ.srcs/sources_1/bd/design_1/ui/bd_1f5defd0.ui> 
update_module_reference design_1_BTNS_0_0
INFO: [IP_Flow 19-5107] Inferred bus interface 'DB_CLK' of definition 'xilinx.com:signal:clock:1.0' (from Xilinx Repository).
WARNING: [IP_Flow 19-3153] Bus Interface 'DB_CLK': ASSOCIATED_BUSIF bus parameter is missing.
INFO: [IP_Flow 19-234] Refreshing IP repositories
INFO: [IP_Flow 19-1704] No user IP repositories specified
Upgrading 'C:/Users/uldrensov/Desktop/COMPE470L_PROJ/COMPE470L_PROJ.srcs/sources_1/bd/design_1/design_1.bd'
WARNING: [Vivado 12-1017] Problems encountered:
1. Failed to delete one or more files in run directory C:/Users/uldrensov/Desktop/COMPE470L_PROJ/COMPE470L_PROJ.runs/design_1_BTNS_0_0_synth_1

INFO: [IP_Flow 19-3420] Updated design_1_BTNS_0_0 to use current project options
Wrote  : <C:\Users\uldrensov\Desktop\COMPE470L_PROJ\COMPE470L_PROJ.srcs\sources_1\bd\design_1\design_1.bd> 
Wrote  : <C:/Users/uldrensov/Desktop/COMPE470L_PROJ/COMPE470L_PROJ.srcs/sources_1/bd/design_1/ui/bd_1f5defd0.ui> 
launch_runs synth_1 -jobs 4
WARNING: [BD 41-927] Following properties on pin /MAIN_LOGIC_0/CLK have been updated from connected ip. They may not be synchronized with cell properties. You can set property on pin directly to confirm the value and resolve the warning.
	CLK_DOMAIN=design_1_processing_system7_0_0_FCLK_CLK0 
WARNING: [BD 41-927] Following properties on pin /MAIN_LOGIC_0/DB_CLK have been updated from connected ip. They may not be synchronized with cell properties. You can set property on pin directly to confirm the value and resolve the warning.
	CLK_DOMAIN=design_1_MAIN_LOGIC_0_1_DB_CLK 
WARNING: [BD 41-927] Following properties on pin /BTNS_0/DB_CLK have been updated from connected ip. They may not be synchronized with cell properties. You can set property on pin directly to confirm the value and resolve the warning.
	CLK_DOMAIN=design_1_MAIN_LOGIC_0_1_DB_CLK 
Wrote  : <C:\Users\uldrensov\Desktop\COMPE470L_PROJ\COMPE470L_PROJ.srcs\sources_1\bd\design_1\design_1.bd> 
VHDL Output written to : C:/Users/uldrensov/Desktop/COMPE470L_PROJ/COMPE470L_PROJ.srcs/sources_1/bd/design_1/synth/design_1.v
VHDL Output written to : C:/Users/uldrensov/Desktop/COMPE470L_PROJ/COMPE470L_PROJ.srcs/sources_1/bd/design_1/sim/design_1.v
VHDL Output written to : C:/Users/uldrensov/Desktop/COMPE470L_PROJ/COMPE470L_PROJ.srcs/sources_1/bd/design_1/hdl/design_1_wrapper.v
INFO: [BD 41-1029] Generation completed for the IP Integrator block processing_system7_0 .
INFO: [BD 41-1029] Generation completed for the IP Integrator block VAL_0 .
INFO: [BD 41-1029] Generation completed for the IP Integrator block BTNS_0 .
INFO: [BD 41-1029] Generation completed for the IP Integrator block MAIN_LOGIC_0 .
Exporting to file C:/Users/uldrensov/Desktop/COMPE470L_PROJ/COMPE470L_PROJ.srcs/sources_1/bd/design_1/hw_handoff/design_1.hwh
Generated Block Design Tcl file C:/Users/uldrensov/Desktop/COMPE470L_PROJ/COMPE470L_PROJ.srcs/sources_1/bd/design_1/hw_handoff/design_1_bd.tcl
Generated Hardware Definition File C:/Users/uldrensov/Desktop/COMPE470L_PROJ/COMPE470L_PROJ.srcs/sources_1/bd/design_1/synth/design_1.hwdef
[Sat Nov 16 23:07:53 2019] Launched design_1_VAL_0_0_synth_1, design_1_MAIN_LOGIC_0_1_synth_1, design_1_BTNS_0_0_synth_1...
Run output will be captured here:
design_1_VAL_0_0_synth_1: C:/Users/uldrensov/Desktop/COMPE470L_PROJ/COMPE470L_PROJ.runs/design_1_VAL_0_0_synth_1/runme.log
design_1_MAIN_LOGIC_0_1_synth_1: C:/Users/uldrensov/Desktop/COMPE470L_PROJ/COMPE470L_PROJ.runs/design_1_MAIN_LOGIC_0_1_synth_1/runme.log
design_1_BTNS_0_0_synth_1: C:/Users/uldrensov/Desktop/COMPE470L_PROJ/COMPE470L_PROJ.runs/design_1_BTNS_0_0_synth_1/runme.log
[Sat Nov 16 23:07:53 2019] Launched synth_1...
Run output will be captured here: C:/Users/uldrensov/Desktop/COMPE470L_PROJ/COMPE470L_PROJ.runs/synth_1/runme.log
launch_runs: Time (s): cpu = 00:00:01 ; elapsed = 00:00:09 . Memory (MB): peak = 2289.137 ; gain = 22.449
