#-----------------------------------------------------------
# Vivado v2019.1 (64-bit)
# SW Build 2552052 on Fri May 24 14:49:42 MDT 2019
# IP Build 2548770 on Fri May 24 18:01:18 MDT 2019
# Start of session at: Tue Nov  5 21:06:07 2019
# Process ID: 2936
# Current directory: C:/Users/uldrensov/Desktop/COMPE470L_PROJ
# Command line: vivado.exe -gui_launcher_event rodinguilauncherevent18612 C:\Users\uldrensov\Desktop\COMPE470L_PROJ\COMPE470L_PROJ.xpr
# Log file: C:/Users/uldrensov/Desktop/COMPE470L_PROJ/vivado.log
# Journal file: C:/Users/uldrensov/Desktop/COMPE470L_PROJ\vivado.jou
#-----------------------------------------------------------
start_gui
open_project C:/Users/uldrensov/Desktop/COMPE470L_PROJ/COMPE470L_PROJ.xpr
Scanning sources...
Finished scanning sources
INFO: [IP_Flow 19-234] Refreshing IP repositories
INFO: [IP_Flow 19-1704] No user IP repositories specified
INFO: [IP_Flow 19-2313] Loaded Vivado IP repository 'C:/Xilinx/Vivado/2019.1/data/ip'.
open_project: Time (s): cpu = 00:00:24 ; elapsed = 00:00:08 . Memory (MB): peak = 782.785 ; gain = 153.199
update_compile_order -fileset sources_1
close [ open C:/Users/uldrensov/Desktop/COMPE470L_PROJ/COMPE470L_PROJ.srcs/sources_1/new/VAL.v w ]
add_files C:/Users/uldrensov/Desktop/COMPE470L_PROJ/COMPE470L_PROJ.srcs/sources_1/new/VAL.v
update_compile_order -fileset sources_1
close [ open C:/Users/uldrensov/Desktop/COMPE470L_PROJ/COMPE470L_PROJ.srcs/sources_1/new/BTNS.v w ]
add_files C:/Users/uldrensov/Desktop/COMPE470L_PROJ/COMPE470L_PROJ.srcs/sources_1/new/BTNS.v
update_compile_order -fileset sources_1
exit
INFO: [Common 17-206] Exiting Vivado at Tue Nov  5 23:05:19 2019...
